<?xml version="1.0" encoding="UTF-8"?>
<testsuite xmlns:xsi="http://www.w3.org/2001/XMLSchema-instance" xsi:noNamespaceSchemaLocation="https://maven.apache.org/surefire/maven-surefire-plugin/xsd/surefire-test-report-3.0.xsd" version="3.0" name="TestSuite" time="1.172" tests="4" errors="0" skipped="0" failures="0">
  <properties>
    <property name="java.specification.version" value="16"/>
    <property name="sun.cpu.isalist" value="amd64"/>
    <property name="sun.jnu.encoding" value="Cp1252"/>
    <property name="java.class.path" value="D:\prac\JenkinsPipelineDemoProject\target\test-classes;D:\prac\JenkinsPipelineDemoProject\target\classes;C:\Users\Shree\.m2\repository\junit\junit\3.8.1\junit-3.8.1.jar;C:\Users\Shree\.m2\repository\org\testng\testng\7.8.0\testng-7.8.0.jar;C:\Users\Shree\.m2\repository\org\slf4j\slf4j-api\1.7.36\slf4j-api-1.7.36.jar;C:\Users\Shree\.m2\repository\com\beust\jcommander\1.82\jcommander-1.82.jar;C:\Users\Shree\.m2\repository\org\webjars\jquery\3.6.1\jquery-3.6.1.jar;"/>
    <property name="java.vm.vendor" value="Oracle Corporation"/>
    <property name="sun.arch.data.model" value="64"/>
    <property name="user.variant" value=""/>
    <property name="java.vendor.url" value="https://java.oracle.com/"/>
    <property name="user.timezone" value="Asia/Calcutta"/>
    <property name="os.name" value="Windows 10"/>
    <property name="java.vm.specification.version" value="16"/>
    <property name="sun.java.launcher" value="SUN_STANDARD"/>
    <property name="user.country" value="IN"/>
    <property name="sun.boot.library.path" value="F:\Software\eclipse\plugins\org.eclipse.justj.openjdk.hotspot.jre.full.win32.x86_64_16.0.2.v20210721-1149\jre\bin"/>
    <property name="sun.java.command" value="C:\Users\Shree\AppData\Local\Temp\surefire13976683654779878480\surefirebooter-20240110132304435_3.jar C:\Users\Shree\AppData\Local\Temp\surefire13976683654779878480 2024-01-10T13-23-03_551-jvmRun1 surefire-20240110132304435_1tmp surefire_0-20240110132304435_2tmp"/>
    <property name="jdk.debug" value="release"/>
    <property name="surefire.test.class.path" value="D:\prac\JenkinsPipelineDemoProject\target\test-classes;D:\prac\JenkinsPipelineDemoProject\target\classes;C:\Users\Shree\.m2\repository\junit\junit\3.8.1\junit-3.8.1.jar;C:\Users\Shree\.m2\repository\org\testng\testng\7.8.0\testng-7.8.0.jar;C:\Users\Shree\.m2\repository\org\slf4j\slf4j-api\1.7.36\slf4j-api-1.7.36.jar;C:\Users\Shree\.m2\repository\com\beust\jcommander\1.82\jcommander-1.82.jar;C:\Users\Shree\.m2\repository\org\webjars\jquery\3.6.1\jquery-3.6.1.jar;"/>
    <property name="sun.cpu.endian" value="little"/>
    <property name="user.home" value="C:\Users\Shree"/>
    <property name="user.language" value="en"/>
    <property name="java.specification.vendor" value="Oracle Corporation"/>
    <property name="java.version.date" value="2021-07-20"/>
    <property name="java.home" value="F:\Software\eclipse\plugins\org.eclipse.justj.openjdk.hotspot.jre.full.win32.x86_64_16.0.2.v20210721-1149\jre"/>
    <property name="file.separator" value="\"/>
    <property name="basedir" value="D:\prac\JenkinsPipelineDemoProject"/>
    <property name="java.vm.compressedOopsMode" value="32-bit"/>
    <property name="line.separator" value="&#10;"/>
    <property name="java.vm.specification.vendor" value="Oracle Corporation"/>
    <property name="java.specification.name" value="Java Platform API Specification"/>
    <property name="surefire.real.class.path" value="C:\Users\Shree\AppData\Local\Temp\surefire13976683654779878480\surefirebooter-20240110132304435_3.jar"/>
    <property name="user.script" value=""/>
    <property name="sun.management.compiler" value="HotSpot 64-Bit Tiered Compilers"/>
    <property name="java.runtime.version" value="16.0.2+7-67"/>
    <property name="user.name" value="SHREE"/>
    <property name="path.separator" value=";"/>
    <property name="os.version" value="10.0"/>
    <property name="java.runtime.name" value="OpenJDK Runtime Environment"/>
    <property name="file.encoding" value="Cp1252"/>
    <property name="java.vm.name" value="OpenJDK 64-Bit Server VM"/>
    <property name="localRepository" value="C:\Users\Shree\.m2\repository"/>
    <property name="java.vendor.url.bug" value="https://bugreport.java.com/bugreport/"/>
    <property name="java.io.tmpdir" value="C:\Users\Shree\AppData\Local\Temp\"/>
    <property name="java.version" value="16.0.2"/>
    <property name="user.dir" value="D:\prac\JenkinsPipelineDemoProject"/>
    <property name="os.arch" value="amd64"/>
    <property name="java.vm.specification.name" value="Java Virtual Machine Specification"/>
    <property name="sun.os.patch.level" value=""/>
    <property name="java.library.path" value="F:\Software\eclipse\plugins\org.eclipse.justj.openjdk.hotspot.jre.full.win32.x86_64_16.0.2.v20210721-1149\jre\bin;C:\WINDOWS\Sun\Java\bin;C:\WINDOWS\system32;C:\WINDOWS;F:/Software/eclipse//plugins/org.eclipse.justj.openjdk.hotspot.jre.full.win32.x86_64_16.0.2.v20210721-1149/jre/bin/server;F:/Software/eclipse//plugins/org.eclipse.justj.openjdk.hotspot.jre.full.win32.x86_64_16.0.2.v20210721-1149/jre/bin;C:\Program Files\Common Files\Oracle\Java\javapath;C:\Program Files (x86)\Intel\iCLS Client\;C:\Program Files\Intel\iCLS Client\;C:\WINDOWS\system32;C:\WINDOWS;C:\WINDOWS\System32\Wbem;C:\WINDOWS\System32\WindowsPowerShell\v1.0\;C:\WINDOWS\System32\OpenSSH\;C:\Program Files\Java\jdk-17\bin;D:\AppiumPractice\tools;D:\AppiumPractice\tools\bin;D:\AppiumPractice\platform-tools;D:\AppiumPractice\build-tools\29.0.3;C:\Program Files\PuTTY\;C:\Program Files\apache-maven-3.9.6\bin;C:\Program Files (x86)\Python\Python37;C:\Program Files\Java\jdk-17;C:\Program Files (x86)\Intel\Intel(R) Management Engine Components\DAL;C:\Program Files\Intel\Intel(R) Management Engine Components\DAL;C:\Program Files (x86)\Intel\Intel(R) Management Engine Components\IPT;C:\Program Files\Intel\Intel(R) Management Engine Components\IPT;node_modules;C:\Users\Shree\AppData\Roaming\nvm;C:\Program Files\nodejs;C:\Program Files\Git\cmd;C:\Program Files\MySQL\MySQL Shell 8.0\bin\;C:\Program Files (x86)\Python\Python37\Scripts\;C:\Program Files (x86)\Python\Python37\;C:\Users\Shree\AppData\Local\Microsoft\WindowsApps;C:\Users\Shree\AppData\Roaming\npm;C:\Users\Shree\AppData\Local\Programs\Microsoft VS Code\bin;C:\Users\Shree\AppData\Roaming\nvm;C:\Program Files\nodejs;F:\Software\eclipse;;."/>
    <property name="java.vm.info" value="mixed mode"/>
    <property name="java.vendor" value="Oracle Corporation"/>
    <property name="java.vm.version" value="16.0.2+7-67"/>
    <property name="sun.io.unicode.encoding" value="UnicodeLittle"/>
    <property name="java.class.version" value="60.0"/>
  </properties>
  <testcase name="test_login" classname="testCases.Test1" time="0.012">
    <system-out><![CDATA[Login Test Passed....
]]></system-out>
    <system-err><![CDATA[SLF4J: Failed to load class "org.slf4j.impl.StaticLoggerBinder".
SLF4J: Defaulting to no-operation (NOP) logger implementation
SLF4J: See http://www.slf4j.org/codes.html#StaticLoggerBinder for further details.
]]></system-err>
  </testcase>
  <testcase name="test_logout" classname="testCases.Test1" time="0.003">
    <system-out><![CDATA[Logout Test Passed....
]]></system-out>
  </testcase>
  <testcase name="test_search" classname="testCases.Test2" time="0.002">
    <system-out><![CDATA[Search Test Passed....
]]></system-out>
  </testcase>
  <testcase name="test_advSearch" classname="testCases.Test2" time="0.003">
    <system-out><![CDATA[Advanced search Test Passed....
]]></system-out>
  </testcase>
</testsuite>