<?xml version="1.0" encoding="UTF-8"?>
<!-- Generated by org.testng.reporters.JUnitReportReporter -->
<testsuite hostname="SHREE" failures="0" tests="2" name="testCases.Test2" time="0.005" errors="0" timestamp="10 Jan 2024 07:47:02 GMT" skipped="0">
  <testcase classname="testCases.Test2" name="test_search" time="0.003"/>
  <testcase classname="testCases.Test2" name="test_advSearch" time="0.002"/>
</testsuite> <!-- testCases.Test2 -->
