<?xml version="1.0" encoding="UTF-8"?>
<!-- Generated by org.testng.reporters.JUnitReportReporter -->
<testsuite hostname="SHREE" failures="0" tests="2" name="testCases.Test1" time="0.037" errors="0" timestamp="10 Jan 2024 07:47:02 GMT" skipped="0">
  <testcase classname="testCases.Test1" name="test_login" time="0.033"/>
  <testcase classname="testCases.Test1" name="test_logout" time="0.004"/>
</testsuite> <!-- testCases.Test1 -->
