<?xml version="1.0" encoding="UTF-8"?>
<!-- Generated by org.testng.reporters.JUnitReportReporter -->
<testsuite hostname="SHREE" failures="0" tests="2" name="testCases.Test1" time="0.011" errors="0" timestamp="2024-01-10T13:23:07 IST" skipped="0">
  <testcase classname="testCases.Test1" name="test_login" time="0.010"/>
  <testcase classname="testCases.Test1" name="test_logout" time="0.001"/>
</testsuite> <!-- testCases.Test1 -->
